[02:22:29] [ServerMain/INFO]: [bootstrap] Running Java 21 (OpenJDK 64-Bit Server VM 21.0.8+9-Ubuntu-0ubuntu124.04.1; Ubuntu null) on Linux 6.8.0-1030-azure (amd64)
[02:22:29] [ServerMain/INFO]: [bootstrap] Loading Paper 1.21.8-6-main@782ce95 (2025-07-18T20:26:58Z) for Minecraft 1.21.8
[02:22:29] [ServerMain/INFO]: [PluginInitializerManager] Initializing plugins...
[02:22:29] [ServerMain/INFO]: [PluginInitializerManager] Initialized 2 plugins
[02:22:29] [ServerMain/INFO]: [PluginInitializerManager] Bukkit plugins (2):
 - Geyser-Spigot (2.8.3-SNAPSHOT), floodgate (2.2.4-SNAPSHOT (b118-40d320a))
[02:22:35] [ServerMain/INFO]: Environment: Environment[sessionHost=https://sessionserver.mojang.com, servicesHost=https://api.minecraftservices.com, name=PROD]
[02:22:36] [ServerMain/INFO]: Loaded 1407 recipes
[02:22:36] [ServerMain/INFO]: Loaded 1520 advancements
[02:22:36] [ServerMain/INFO]: [ca.spottedleaf.dataconverter.minecraft.datatypes.MCTypeRegistry] Initialising converters for DataConverter...
[02:22:37] [ServerMain/INFO]: [ca.spottedleaf.dataconverter.minecraft.datatypes.MCTypeRegistry] Finished initialising converters for DataConverter in 391.6ms
[02:22:37] [Server thread/INFO]: Starting minecraft server version 1.21.8
[02:22:37] [Server thread/INFO]: Loading properties
[02:22:37] [Server thread/INFO]: This server is running Paper version 1.21.8-6-main@782ce95 (2025-07-18T20:26:58Z) (Implementing API version 1.21.8-R0.1-SNAPSHOT)
[02:22:37] [Server thread/INFO]: [spark] This server bundles the spark profiler. For more information please visit https://docs.papermc.io/paper/profiling
[02:22:37] [Server thread/INFO]: Server Ping Player Sample Count: 12
[02:22:37] [Server thread/INFO]: Using 4 threads for Netty based IO
[02:22:38] [Server thread/INFO]: [MoonriseCommon] Paper is using 1 worker threads, 1 I/O threads
[02:22:38] [Server thread/INFO]: [ChunkTaskScheduler] Chunk system is using population gen parallelism: true
[02:22:39] [Server thread/INFO]: Default game type: SURVIVAL
[02:22:39] [Server thread/INFO]: Generating keypair
[02:22:39] [Server thread/INFO]: Starting Minecraft server on *:25565
[02:22:39] [Server thread/INFO]: Using epoll channel type
[02:22:40] [Server thread/INFO]: Paper: Using libdeflate (Linux x86_64) compression from Velocity.
[02:22:40] [Server thread/INFO]: Paper: Using OpenSSL 3.x.x (Linux x86_64) cipher from Velocity.
[02:22:40] [Server thread/INFO]: [floodgate] Loading server plugin floodgate v2.2.4-SNAPSHOT (b118-40d320a)
[02:22:41] [Server thread/WARN]: [floodgate] en_ is not a supported Floodgate language.
[02:22:41] [Server thread/INFO]: [floodgate] Took 968ms to boot Floodgate
[02:22:41] [Server thread/INFO]: [Geyser-Spigot] Loading server plugin Geyser-Spigot v2.8.3-SNAPSHOT
[02:22:42] [Server thread/INFO]: [Geyser-Spigot] Loading extensions...
[02:22:42] [Server thread/INFO]: [Geyser-Spigot] Loaded 0 extension(s)
[02:22:42] [Server thread/INFO]: Server permissions file permissions.yml is empty, ignoring it
[02:22:42] [Server thread/WARN]: **** SERVER IS RUNNING IN OFFLINE/INSECURE MODE!
[02:22:42] [Server thread/WARN]: The server will make no attempt to authenticate usernames. Beware.
[02:22:42] [Server thread/WARN]: While this makes the game possible to play without internet access, it also opens up the ability for hackers to connect with any username they choose.
[02:22:42] [Server thread/WARN]: To change this, set "online-mode" to "true" in the server.properties file.
[02:22:42] [Server thread/INFO]: Preparing level "world"
[02:22:43] [Server thread/INFO]: Preparing start region for dimension minecraft:overworld
[02:22:43] [Server thread/INFO]: Preparing spawn area: 0%
[02:22:43] [Server thread/INFO]: Preparing spawn area: 8%
[02:22:44] [Server thread/INFO]: Preparing spawn area: 12%
[02:22:44] [Server thread/INFO]: Time elapsed: 1104 ms
[02:22:44] [Server thread/INFO]: Preparing start region for dimension minecraft:the_nether
[02:22:44] [Server thread/INFO]: Preparing spawn area: 0%
[02:22:44] [Server thread/INFO]: Time elapsed: 299 ms
[02:22:44] [Server thread/INFO]: Preparing start region for dimension minecraft:the_end
[02:22:44] [Server thread/INFO]: Preparing spawn area: 0%
[02:22:44] [Server thread/INFO]: Time elapsed: 153 ms
[02:22:44] [Server thread/INFO]: [floodgate] Enabling floodgate v2.2.4-SNAPSHOT (b118-40d320a)
[02:22:45] [Server thread/INFO]: [Geyser-Spigot] Enabling Geyser-Spigot v2.8.3-SNAPSHOT
[02:22:47] [Server thread/INFO]: [spark] Starting background profiler...
[02:22:47] [Server thread/INFO]: [Geyser-Spigot] ******************************************
[02:22:47] [Server thread/INFO]: [Geyser-Spigot] 
[02:22:47] [Server thread/INFO]: [Geyser-Spigot] Loading Geyser version 2.8.3-b904 (git-master-ea967a0)
[02:22:47] [Server thread/INFO]: [Geyser-Spigot] 
[02:22:47] [Server thread/INFO]: [Geyser-Spigot] ******************************************
[02:22:51] [GeyserServer-3-1/INFO]: [Geyser-Spigot] Started Geyser on UDP port 19132
[02:22:51] [Server thread/INFO]: [Geyser-Spigot] Done (4.011s)! Run /geyser help for help!
[02:22:51] [Server thread/INFO]: Done preparing level "world" (9.080s)
[02:22:51] [Server thread/INFO]: Running delayed init tasks
[02:22:51] [Server thread/INFO]: Done (23.334s)! For help, type "help"
[02:24:02] [GeyserServerChild-4-1/INFO]: [Geyser-Spigot] Player connected with username XIOMIBG
[02:24:02] [localSession-7-2/INFO]: [Geyser-Spigot] XIOMIBG (logged in as: XIOMIBG) has connected to the Java server
[02:24:03] [Server thread/INFO]: [floodgate] Floodgate player logged in as .XIOMIBG joined (UUID: 00000000-0000-0000-0009-01fcdf661cda)
[02:24:03] [Server thread/INFO]: .XIOMIBG joined the game
[02:24:03] [Server thread/INFO]: .XIOMIBG[/127.171.107.36:0] logged in with entity id 18 at ([world]11.5, 70.0, -219.5)
[02:24:08] [Server thread/WARN]: [ca.spottedleaf.moonrise.patches.chunk_system.level.entity.EntityLookup] Entity uuid already exists: 5aec5753-69e0-452c-9741-d4ea11d9dc09, mapped to Bat['Bat'/217, uuid='5aec5753-69e0-452c-9741-d4ea11d9dc09', l='ServerLevel[world]', x=175.09, y=-17.97, z=-286.75, cpos=[10, -18], tl=0, v=true], can't add Bat['Bat'/243, uuid='5aec5753-69e0-452c-9741-d4ea11d9dc09', l='ServerLevel[world]', x=180.70, y=-17.33, z=-288.56, cpos=[11, -19], tl=0, v=false]
[02:24:43] [GeyserServerChild-4-1/INFO]: [Geyser-Spigot] XIOMIBG has disconnected from the Java server because of Bedrock client disconnected
[02:24:43] [Geyser Spigot connection thread-6-3/INFO]: [floodgate] Floodgate player logged in as .XIOMIBG disconnected
[02:24:43] [Server thread/INFO]: .XIOMIBG lost connection: Disconnected
[02:24:43] [Server thread/INFO]: .XIOMIBG left the game
[02:25:07] [Server thread/INFO]: Stopping the server
[02:25:07] [Server thread/INFO]: Stopping server
[02:25:07] [Server thread/INFO]: [Geyser-Spigot] Disabling Geyser-Spigot v2.8.3-SNAPSHOT
[02:25:07] [Server thread/INFO]: [Geyser-Spigot] Shutting down Geyser.
[02:25:07] [Server thread/INFO]: [Geyser-Spigot] Geyser shutdown successfully.
[02:25:07] [Server thread/INFO]: [floodgate] Disabling floodgate v2.2.4-SNAPSHOT (b118-40d320a)
[02:25:07] [Server thread/INFO]: Saving players
[02:25:07] [Server thread/INFO]: Saving worlds
[02:25:07] [Server thread/INFO]: Saving chunks for level 'ServerLevel[world]'/minecraft:overworld
[02:25:07] [WebSocketConnectReadThread-73/INFO]: [Geyser-Spigot] The skin uploader has been closed
[02:25:07] [Server thread/INFO]: [ChunkHolderManager] Waiting 60s for chunk system to halt for world 'world'
[02:25:07] [Server thread/INFO]: [ChunkHolderManager] Halted chunk system for world 'world'
[02:25:07] [Server thread/INFO]: [ChunkHolderManager] Saving all chunkholders for world 'world'
[02:25:08] [Server thread/INFO]: [ChunkHolderManager] Saved 483 block chunks, 483 entity chunks, 0 poi chunks in world 'world' in 1.02s
[02:25:08] [Server thread/INFO]: [ChunkHolderManager] Waiting 60s for chunk I/O to halt for world 'world'
[02:25:08] [Server thread/INFO]: [ChunkHolderManager] Halted I/O scheduler for world 'world'
[02:25:08] [Server thread/INFO]: Saving chunks for level 'ServerLevel[world_nether]'/minecraft:the_nether
[02:25:08] [Server thread/INFO]: [ChunkHolderManager] Waiting 60s for chunk system to halt for world 'world_nether'
[02:25:08] [Server thread/INFO]: [ChunkHolderManager] Halted chunk system for world 'world_nether'
[02:25:08] [Server thread/INFO]: [ChunkHolderManager] Saving all chunkholders for world 'world_nether'
[02:25:08] [Server thread/INFO]: [ChunkHolderManager] Saved 49 block chunks, 49 entity chunks, 0 poi chunks in world 'world_nether' in 0.08s
[02:25:08] [Server thread/INFO]: [ChunkHolderManager] Waiting 60s for chunk I/O to halt for world 'world_nether'
[02:25:08] [Server thread/INFO]: [ChunkHolderManager] Halted I/O scheduler for world 'world_nether'
[02:25:08] [Server thread/INFO]: Saving chunks for level 'ServerLevel[world_the_end]'/minecraft:the_end
[02:25:08] [Server thread/INFO]: [ChunkHolderManager] Waiting 60s for chunk system to halt for world 'world_the_end'
[02:25:08] [Server thread/INFO]: [ChunkHolderManager] Halted chunk system for world 'world_the_end'
[02:25:08] [Server thread/INFO]: [ChunkHolderManager] Saving all chunkholders for world 'world_the_end'
[02:25:08] [Server thread/INFO]: [ChunkHolderManager] Saved 49 block chunks, 49 entity chunks, 0 poi chunks in world 'world_the_end' in 0.03s
[02:25:08] [Server thread/INFO]: [ChunkHolderManager] Waiting 60s for chunk I/O to halt for world 'world_the_end'
[02:25:08] [Server thread/INFO]: [ChunkHolderManager] Halted I/O scheduler for world 'world_the_end'
[02:25:08] [Server thread/INFO]: ThreadedAnvilChunkStorage (world): All chunks are saved
[02:25:08] [Server thread/INFO]: ThreadedAnvilChunkStorage (DIM-1): All chunks are saved
[02:25:08] [Server thread/INFO]: ThreadedAnvilChunkStorage (DIM1): All chunks are saved
[02:25:08] [Server thread/INFO]: ThreadedAnvilChunkStorage: All dimensions are saved
[02:25:08] [Server thread/INFO]: Waiting for all RegionFile I/O tasks to complete...
[02:25:08] [Server thread/INFO]: All RegionFile I/O tasks to complete
[02:25:08] [Server thread/INFO]: [MoonriseCommon] Awaiting termination of worker pool for up to 60s...
[02:25:08] [Server thread/INFO]: [MoonriseCommon] Awaiting termination of I/O pool for up to 60s...
